c:\users\msi\source\repos\2d_gameengine\2d_gameengine\debug\vc142.pdb
c:\users\msi\source\repos\2d_gameengine\2d_gameengine\debug\vc142.idb
c:\users\msi\source\repos\2d_gameengine\2d_gameengine\debug\main.obj
c:\users\msi\source\repos\2d_gameengine\2d_gameengine\debug\game.obj
c:\users\msi\source\repos\the_game_stupid\2d_gameengine\debug\vc142.pdb
c:\users\msi\source\repos\the_game_stupid\2d_gameengine\debug\vc142.idb
c:\users\msi\source\repos\the_game_stupid\2d_gameengine\debug\texturemanager.obj
c:\users\msi\source\repos\the_game_stupid\2d_gameengine\debug\game.obj
c:\users\msi\source\repos\the_game_stupid\2d_gameengine\debug\main.obj
c:\users\msi\source\repos\the_game_stupid\2d_gameengine\debug\gameobject.obj
c:\users\msi\source\repos\the_game_stupid\2d_gameengine\debug\mouse.obj
c:\users\msi\source\repos\the_game_stupid\2d_gameengine\debug\deckobject.obj
c:\users\msi\source\repos\the_game_stupid\2d_gameengine\debug\table.obj
c:\users\msi\source\repos\the_game_stupid\2d_gameengine\debug\easybot.obj
c:\users\msi\source\repos\the_game_stupid\2d_gameengine\debug\battlefield.obj
c:\users\msi\source\repos\2d_gameengine\debug\2d_gameengine.exe
c:\users\msi\source\repos\2d_gameengine\debug\2d_gameengine.pdb
c:\users\msi\source\repos\the_game_stupid\2d_gameengine\debug\game.obj.enc
c:\users\msi\source\repos\the_game_stupid\debug\2d_gameengine.pdb
c:\users\msi\source\repos\the_game_stupid\2d_gameengine\debug\2d_gameengine.tlog\cl.command.1.tlog
c:\users\msi\source\repos\the_game_stupid\2d_gameengine\debug\2d_gameengine.tlog\cl.read.1.tlog
c:\users\msi\source\repos\the_game_stupid\2d_gameengine\debug\2d_gameengine.tlog\cl.write.1.tlog
c:\users\msi\source\repos\the_game_stupid\2d_gameengine\debug\2d_gameengine.tlog\link-cvtres.read.1.tlog
c:\users\msi\source\repos\the_game_stupid\2d_gameengine\debug\2d_gameengine.tlog\link-cvtres.write.1.tlog
c:\users\msi\source\repos\the_game_stupid\2d_gameengine\debug\2d_gameengine.tlog\link-rc.read.1.tlog
c:\users\msi\source\repos\the_game_stupid\2d_gameengine\debug\2d_gameengine.tlog\link-rc.write.1.tlog
c:\users\msi\source\repos\the_game_stupid\2d_gameengine\debug\2d_gameengine.tlog\link.8908-cvtres.read.1.tlog
c:\users\msi\source\repos\the_game_stupid\2d_gameengine\debug\2d_gameengine.tlog\link.8908-cvtres.write.1.tlog
c:\users\msi\source\repos\the_game_stupid\2d_gameengine\debug\2d_gameengine.tlog\link.8908-rc.read.1.tlog
c:\users\msi\source\repos\the_game_stupid\2d_gameengine\debug\2d_gameengine.tlog\link.8908-rc.write.1.tlog
c:\users\msi\source\repos\the_game_stupid\2d_gameengine\debug\2d_gameengine.tlog\link.8908.read.1.tlog
c:\users\msi\source\repos\the_game_stupid\2d_gameengine\debug\2d_gameengine.tlog\link.8908.write.1.tlog
c:\users\msi\source\repos\the_game_stupid\2d_gameengine\debug\2d_gameengine.tlog\link.command.1.tlog
c:\users\msi\source\repos\the_game_stupid\2d_gameengine\debug\2d_gameengine.tlog\link.read.1.tlog
c:\users\msi\source\repos\the_game_stupid\2d_gameengine\debug\2d_gameengine.tlog\link.write.1.tlog
